<?xml version="1.0" encoding="UTF-8"?>
<!-- Generated by org.testng.reporters.JUnitXMLReporter -->
<testsuite ignored="0" hostname="441449f7a19c5f6" failures="1" tests="4" name="ChromeTest" time="56.047" errors="0" timestamp="2025-06-19T18:50:36 IST">
  <testcase classname="base.BaseTest" name="@AfterMethod afterMethod" time="0.19">
    <failure type="java.lang.ClassCastException" message="class com.aventstack.extentreports.ExtentTest cannot be cast to class com.aventstack.extentreports.markuputils.Markup (com.aventstack.extentreports.ExtentTest and com.aventstack.extentreports.markuputils.Markup are in unnamed module of loader &amp;apos;app&amp;apos;)">
      <![CDATA[java.lang.ClassCastException: class com.aventstack.extentreports.ExtentTest cannot be cast to class com.aventstack.extentreports.markuputils.Markup (com.aventstack.extentreports.ExtentTest and com.aventstack.extentreports.markuputils.Markup are in unnamed module of loader 'app')
at base.BaseTest.afterMethod(BaseTest.java:82)
at java.base/java.util.ArrayList.forEach(ArrayList.java:1597)
... Removed 30 stack frames]]>
    </failure>
  </testcase> <!-- @AfterMethod afterMethod -->
  <testcase classname="base.BaseTest" name="@BeforeMethod beforeMethodMethod" time="-1.750339234863E9">
    <skipped/>
  </testcase> <!-- @BeforeMethod beforeMethodMethod -->
  <testcase classname="base.BaseTest" name="@AfterMethod afterMethod" time="-1.750339234868E9">
    <skipped/>
  </testcase> <!-- @AfterMethod afterMethod -->
  <testcase classname="base.BaseTest" name="@BeforeMethod beforeMethodMethod" time="-1.750339234871E9">
    <skipped/>
  </testcase> <!-- @BeforeMethod beforeMethodMethod -->
  <testcase classname="base.BaseTest" name="@AfterMethod afterMethod" time="-1.750339234876E9">
    <skipped/>
  </testcase> <!-- @AfterMethod afterMethod -->
  <testcase classname="tests.testcase1" name="verifyTheValueofHighAndLowInLast52WeeksForAnyStocksOfNiftyFifty" time="12.956">
    <skipped/>
  </testcase> <!-- verifyTheValueofHighAndLowInLast52WeeksForAnyStocksOfNiftyFifty -->
  <testcase classname="tests.testcase1" name="verifyTheValueofHighAndLowInLast52WeeksForAnyStocksOfNiftyFifty" time="12.786">
    <failure type="java.lang.AssertionError" message="expected [50] but found [0]">
      <![CDATA[java.lang.AssertionError: expected [50] but found [0]
at pageEvents.NiftyFiftyPageEvents.clickOnStock(NiftyFiftyPageEvents.java:49)
at tests.testcase1.verifyTheValueofHighAndLowInLast52WeeksForAnyStocksOfNiftyFifty(testcase1.java:76)
at java.base/java.util.ArrayList.forEach(ArrayList.java:1597)
... Removed 31 stack frames]]>
    </failure>
  </testcase> <!-- verifyTheValueofHighAndLowInLast52WeeksForAnyStocksOfNiftyFifty -->
  <testcase classname="tests.testcase1" name="verifyTheValueofHighAndLowInLast52WeeksForRelianceCom" time="0.0">
    <skipped/>
  </testcase> <!-- verifyTheValueofHighAndLowInLast52WeeksForRelianceCom -->
  <testcase classname="tests.testcase1" name="verifyTheValueofHighAndLowInLast52WeeksForStockTataMotors" time="0.0">
    <skipped/>
  </testcase> <!-- verifyTheValueofHighAndLowInLast52WeeksForStockTataMotors -->
</testsuite> <!-- ChromeTest -->
